<?xml version="1.0" encoding="UTF-8"?>
<testng-results ignored="0" total="2" passed="2" failed="0" skipped="0">
  <reporter-output>
    <line>
      <![CDATA[Setting up the System Variabes]]>
    </line>
    <line>
      <![CDATA[Starting the Application]]>
    </line>
    <line>
      <![CDATA[Starting the Application]]>
    </line>
  </reporter-output>
  <suite started-at="2019-04-01T10:44:37Z" name="Suite" finished-at="2019-04-01T10:45:41Z" duration-ms="64069">
    <groups>
    </groups>
    <test started-at="2019-04-01T10:44:37Z" name="Test" finished-at="2019-04-01T10:45:41Z" duration-ms="64069">
      <class name="com.POMProject.Test.LoginCRMTest">
        <test-method is-config="true" signature="setUpA()[pri:0, instance:com.POMProject.Test.LoginCRMTest@7b02881e]" started-at="2019-04-01T10:44:33Z" name="setUpA" finished-at="2019-04-01T10:44:37Z" duration-ms="3702" status="PASS">
          <reporter-output>
            <line>
              <![CDATA[Setting up the System Variabes]]>
            </line>
          </reporter-output>
        </test-method> <!-- setUpA -->
        <test-method is-config="true" signature="startApplication()[pri:0, instance:com.POMProject.Test.LoginCRMTest@7b02881e]" started-at="2019-04-01T10:44:37Z" name="startApplication" finished-at="2019-04-01T10:44:59Z" duration-ms="21893" status="PASS">
          <reporter-output>
            <line>
              <![CDATA[Starting the Application]]>
            </line>
          </reporter-output>
        </test-method> <!-- startApplication -->
        <test-method signature="loginApp()[pri:1, instance:com.POMProject.Test.LoginCRMTest@7b02881e]" started-at="2019-04-01T10:44:59Z" name="loginApp" finished-at="2019-04-01T10:45:19Z" duration-ms="20033" status="PASS">
          <reporter-output>
          </reporter-output>
        </test-method> <!-- loginApp -->
        <test-method is-config="true" signature="quitBrowser(org.testng.ITestResult)[pri:0, instance:com.POMProject.Test.LoginCRMTest@7b02881e]" started-at="2019-04-01T10:45:19Z" name="quitBrowser" finished-at="2019-04-01T10:45:23Z" duration-ms="3516" status="PASS">
          <params>
            <param index="0">
              <value>
                <![CDATA[[TestResult name=loginApp status=SUCCESS method=LoginCRMTest.loginApp()[pri:1, instance:com.POMProject.Test.LoginCRMTest@7b02881e] output={null}]]]>
              </value>
            </param>
          </params>
          <reporter-output>
          </reporter-output>
        </test-method> <!-- quitBrowser -->
        <test-method is-config="true" signature="startApplication()[pri:0, instance:com.POMProject.Test.LoginCRMTest@7b02881e]" started-at="2019-04-01T10:45:23Z" name="startApplication" finished-at="2019-04-01T10:45:37Z" duration-ms="14519" status="PASS">
          <reporter-output>
            <line>
              <![CDATA[Starting the Application]]>
            </line>
          </reporter-output>
        </test-method> <!-- startApplication -->
        <test-method signature="LoginWrongCredentials()[pri:2, instance:com.POMProject.Test.LoginCRMTest@7b02881e]" started-at="2019-04-01T10:45:37Z" name="LoginWrongCredentials" finished-at="2019-04-01T10:45:39Z" duration-ms="2245" status="PASS">
          <reporter-output>
          </reporter-output>
        </test-method> <!-- LoginWrongCredentials -->
        <test-method is-config="true" signature="quitBrowser(org.testng.ITestResult)[pri:0, instance:com.POMProject.Test.LoginCRMTest@7b02881e]" started-at="2019-04-01T10:45:39Z" name="quitBrowser" finished-at="2019-04-01T10:45:41Z" duration-ms="1799" status="PASS">
          <params>
            <param index="0">
              <value>
                <![CDATA[[TestResult name=LoginWrongCredentials status=SUCCESS method=LoginCRMTest.LoginWrongCredentials()[pri:2, instance:com.POMProject.Test.LoginCRMTest@7b02881e] output={null}]]]>
              </value>
            </param>
          </params>
          <reporter-output>
          </reporter-output>
        </test-method> <!-- quitBrowser -->
      </class> <!-- com.POMProject.Test.LoginCRMTest -->
    </test> <!-- Test -->
  </suite> <!-- Suite -->
</testng-results>
