<?xml version="1.0" encoding="UTF-8"?>
<!-- Generated by org.testng.reporters.JUnitXMLReporter -->
<testsuite hostname="DESKTOP-M3UV5M0" ignored="0" name="Default test" tests="2" failures="0" timestamp="01 Apr 2019 08:51:42 GMT" time="0.072" errors="0">
  <testcase name="@BeforeSuite setUpA" time="0.036" classname="com.POMProject.Test.BaseClass">
    <failure type="java.lang.UnsupportedClassVersionError" message="org/apache/poi/xssf/usermodel/XSSFWorkbook : Unsupported major.minor version 52.0">
      <![CDATA[java.lang.UnsupportedClassVersionError: org/apache/poi/xssf/usermodel/XSSFWorkbook : Unsupported major.minor version 52.0
at java.lang.ClassLoader.defineClass1(Native Method)
at java.lang.ClassLoader.defineClass(ClassLoader.java:800)
at java.security.SecureClassLoader.defineClass(SecureClassLoader.java:142)
at java.net.URLClassLoader.defineClass(URLClassLoader.java:449)
at java.net.URLClassLoader.access$100(URLClassLoader.java:71)
at java.net.URLClassLoader$1.run(URLClassLoader.java:361)
at java.net.URLClassLoader$1.run(URLClassLoader.java:355)
at java.security.AccessController.doPrivileged(Native Method)
at java.net.URLClassLoader.findClass(URLClassLoader.java:354)
at java.lang.ClassLoader.loadClass(ClassLoader.java:425)
at sun.misc.Launcher$AppClassLoader.loadClass(Launcher.java:308)
at java.lang.ClassLoader.loadClass(ClassLoader.java:358)
at com.POMProject.Utilities.ExcelDataConfig.<init>(ExcelDataConfig.java:19)
at com.POMProject.Test.BaseClass.setUpA(BaseClass.java:31)
at sun.reflect.NativeMethodAccessorImpl.invoke0(Native Method)
at sun.reflect.NativeMethodAccessorImpl.invoke(NativeMethodAccessorImpl.java:57)
at sun.reflect.DelegatingMethodAccessorImpl.invoke(DelegatingMethodAccessorImpl.java:43)
at java.lang.reflect.Method.invoke(Method.java:606)
at org.testng.internal.MethodInvocationHelper.invokeMethod(MethodInvocationHelper.java:124)
at org.testng.internal.MethodInvocationHelper.invokeMethodConsideringTimeout(MethodInvocationHelper.java:59)
at org.testng.internal.Invoker.invokeConfigurationMethod(Invoker.java:458)
at org.testng.internal.Invoker.invokeConfigurations(Invoker.java:222)
at org.testng.internal.Invoker.invokeConfigurations(Invoker.java:142)
at org.testng.SuiteRunner.privateRun(SuiteRunner.java:401)
at org.testng.SuiteRunner.run(SuiteRunner.java:364)
at org.testng.SuiteRunnerWorker.runSuite(SuiteRunnerWorker.java:52)
at org.testng.SuiteRunnerWorker.run(SuiteRunnerWorker.java:84)
at org.testng.TestNG.runSuitesSequentially(TestNG.java:1208)
at org.testng.TestNG.runSuitesLocally(TestNG.java:1137)
at org.testng.TestNG.runSuites(TestNG.java:1049)
at org.testng.TestNG.run(TestNG.java:1017)
at org.testng.remote.AbstractRemoteTestNG.run(AbstractRemoteTestNG.java:115)
at org.testng.remote.RemoteTestNG.initAndRun(RemoteTestNG.java:251)
at org.testng.remote.RemoteTestNG.main(RemoteTestNG.java:77)
]]>
    </failure>
  </testcase> <!-- @BeforeSuite setUpA -->
  <testcase name="@BeforeMethod startApplication" time="0.0" classname="com.POMProject.Test.BaseClass">
    <skipped/>
  </testcase> <!-- @BeforeMethod startApplication -->
  <testcase name="@AfterMethod quitBrowser" time="0.0" classname="com.POMProject.Test.BaseClass">
    <skipped/>
  </testcase> <!-- @AfterMethod quitBrowser -->
  <testcase name="@BeforeMethod startApplication" time="0.0" classname="com.POMProject.Test.BaseClass">
    <skipped/>
  </testcase> <!-- @BeforeMethod startApplication -->
  <testcase name="@AfterMethod quitBrowser" time="0.0" classname="com.POMProject.Test.BaseClass">
    <skipped/>
  </testcase> <!-- @AfterMethod quitBrowser -->
  <testcase name="loginApp" time="0.0" classname="com.POMProject.Test.LoginCRMTest">
    <skipped/>
  </testcase> <!-- loginApp -->
  <testcase name="LoginWrongCredentials" time="0.0" classname="com.POMProject.Test.LoginCRMTest">
    <skipped/>
  </testcase> <!-- LoginWrongCredentials -->
</testsuite> <!-- Default test -->
